2014/11/05 16:36:20 [error] [exception.CHttpException.404] exception 'CHttpException' with message 'Unable to resolve the request "articlelist/index".' in D:\WWW\yii\framework\web\CWebApplication.php:332
Stack trace:
#0 D:\WWW\yii\framework\web\CWebApplication.php(121): CWebApplication->runController('articlelist/ind...')
#1 D:\WWW\yii\framework\base\CApplication.php(155): CWebApplication->processRequest()
#2 D:\WWW\yii\myapp\index.php(13): CApplication->run()
#3 {main} REQUEST_URI=/yii/myapp/index.php?r=articlelist/index
2014/11/05 16:36:52 [error] [exception.CHttpException.404] exception 'CHttpException' with message 'Unable to resolve the request "articleList/index".' in D:\WWW\yii\framework\web\CWebApplication.php:332
Stack trace:
#0 D:\WWW\yii\framework\web\CWebApplication.php(121): CWebApplication->runController('articleList/ind...')
#1 D:\WWW\yii\framework\base\CApplication.php(155): CWebApplication->processRequest()
#2 D:\WWW\yii\myapp\index.php(13): CApplication->run()
#3 {main} REQUEST_URI=/yii/myapp/index.php?r=articleList/index
2014/11/05 16:37:27 [error] [exception.CHttpException.404] exception 'CHttpException' with message 'Unable to resolve the request "ArticleList/index".' in D:\WWW\yii\framework\web\CWebApplication.php:332
Stack trace:
#0 D:\WWW\yii\framework\web\CWebApplication.php(121): CWebApplication->runController('ArticleList/ind...')
#1 D:\WWW\yii\framework\base\CApplication.php(155): CWebApplication->processRequest()
#2 D:\WWW\yii\myapp\index.php(13): CApplication->run()
#3 {main} REQUEST_URI=/yii/myapp/index.php?r=ArticleList/index
2014/11/05 16:37:30 [error] [exception.CHttpException.404] exception 'CHttpException' with message 'Unable to resolve the request "ArticleList/index".' in D:\WWW\yii\framework\web\CWebApplication.php:332
Stack trace:
#0 D:\WWW\yii\framework\web\CWebApplication.php(121): CWebApplication->runController('ArticleList/ind...')
#1 D:\WWW\yii\framework\base\CApplication.php(155): CWebApplication->processRequest()
#2 D:\WWW\yii\myapp\index.php(13): CApplication->run()
#3 {main} REQUEST_URI=/yii/myapp/index.php?r=ArticleList/index
2014/11/05 16:37:34 [error] [exception.CHttpException.404] exception 'CHttpException' with message 'Unable to resolve the request "ArticleList/index".' in D:\WWW\yii\framework\web\CWebApplication.php:332
Stack trace:
#0 D:\WWW\yii\framework\web\CWebApplication.php(121): CWebApplication->runController('ArticleList/ind...')
#1 D:\WWW\yii\framework\base\CApplication.php(155): CWebApplication->processRequest()
#2 D:\WWW\yii\myapp\index.php(13): CApplication->run()
#3 {main} REQUEST_URI=/yii/myapp/index.php?r=ArticleList/index
2014/11/05 17:15:57 [error] [php] Undefined variable: content1 (D:\WWW\yii\myapp\protected\views\layouts\blog.php:35)
Stack trace:
#0 D:\WWW\yii\framework\web\CController.php(781): AboutController->renderFile()
#1 D:\WWW\yii\myapp\protected\controllers\AboutController.php(5): AboutController->render()
#2 D:\WWW\yii\framework\web\actions\CInlineAction.php(50): AboutController->actionIndex()
#3 D:\WWW\yii\framework\web\CController.php(300): CInlineAction->runWithParams()
#4 D:\WWW\yii\framework\web\CController.php(278): AboutController->runAction()
#5 D:\WWW\yii\framework\web\CController.php(257): AboutController->runActionWithFilters()
#6 D:\WWW\yii\framework\web\CWebApplication.php(328): AboutController->run()
#7 D:\WWW\yii\framework\web\CWebApplication.php(121): CWebApplication->runController()
#8 D:\WWW\yii\framework\base\CApplication.php(155): CWebApplication->processRequest()
#9 D:\WWW\yii\myapp\index.php(13): CWebApplication->run()
REQUEST_URI=/yii/myapp/index.php?r=about/
in D:\WWW\yii\myapp\protected\views\layouts\blog.php (35)
in D:\WWW\yii\myapp\protected\controllers\AboutController.php (5)
in D:\WWW\yii\myapp\index.php (13)
2014/11/05 17:19:37 [error] [php] Missing argument 1 for CController::render(), called in D:\WWW\yii\myapp\protected\controllers\AboutController.php on line 5 and defined (D:\WWW\yii\framework\web\CController.php:775)
Stack trace:
#0 D:\WWW\yii\framework\web\CController.php(300): CInlineAction->runWithParams()
#1 D:\WWW\yii\framework\web\CController.php(278): AboutController->runAction()
#2 D:\WWW\yii\framework\web\CController.php(257): AboutController->runActionWithFilters()
#3 D:\WWW\yii\framework\web\CWebApplication.php(328): AboutController->run()
#4 D:\WWW\yii\framework\web\CWebApplication.php(121): CWebApplication->runController()
#5 D:\WWW\yii\framework\base\CApplication.php(155): CWebApplication->processRequest()
#6 D:\WWW\yii\myapp\index.php(13): CWebApplication->run()
REQUEST_URI=/yii/myapp/index.php?r=about/
in D:\WWW\yii\myapp\protected\controllers\AboutController.php (5)
in D:\WWW\yii\myapp\index.php (13)
2014/11/05 17:33:38 [error] [exception.CHttpException.404] exception 'CHttpException' with message 'Unable to resolve the request "admin".' in D:\WWW\yii\framework\web\CWebApplication.php:332
Stack trace:
#0 D:\WWW\yii\framework\web\CWebApplication.php(121): CWebApplication->runController('admin')
#1 D:\WWW\yii\framework\base\CApplication.php(155): CWebApplication->processRequest()
#2 D:\WWW\yii\myapp\index.php(13): CApplication->run()
#3 {main} REQUEST_URI=/yii/myapp/index.php?r=admin
2014/11/05 18:14:43 [error] [exception.CException] exception 'CException' with message 'Property "LoginForm.verify" is not defined.' in D:\WWW\yii\framework\base\CComponent.php:131
Stack trace:
#0 D:\WWW\yii\framework\web\helpers\CHtml.php(2050): CComponent->__get('verify')
#1 D:\WWW\yii\framework\web\helpers\CHtml.php(1777): CHtml::resolveValue(Object(LoginForm), 'verify')
#2 D:\WWW\yii\framework\web\helpers\CHtml.php(1186): CHtml::activeInputField('text', Object(LoginForm), 'verify', Array)
#3 D:\WWW\yii\framework\web\widgets\CActiveForm.php(567): CHtml::activeTextField(Object(LoginForm), 'verify', Array)
#4 D:\WWW\yii\myapp\protected\modules\admin\views\login\index.php(16): CActiveForm->textField(Object(LoginForm), 'verify', Array)
#5 D:\WWW\yii\framework\web\CBaseController.php(119): require('D:\WWW\yii\myap...')
#6 D:\WWW\yii\framework\web\CBaseController.php(88): CBaseController->renderInternal('D:\WWW\yii\myap...', Array, true)
#7 D:\WWW\yii\framework\web\CController.php(866): CBaseController->renderFile('D:\WWW\yii\myap...', Array, true)
#8 D:\WWW\yii\myapp\protected\modules\admin\controllers\LoginController.php(5): CController->renderPartial('index', Array)
#9 D:\WWW\yii\framework\web\actions\CInlineAction.php(50): LoginController->actionIndex()
#10 D:\WWW\yii\framework\web\CController.php(300): CInlineAction->runWithParams(Array)
#11 D:\WWW\yii\framework\web\CController.php(278): CController->runAction(Object(CInlineAction))
#12 D:\WWW\yii\framework\web\CController.php(257): CController->runActionWithFilters(Object(CInlineAction), Array)
#13 D:\WWW\yii\framework\web\CWebApplication.php(328): CController->run('index')
#14 D:\WWW\yii\framework\web\CWebApplication.php(121): CWebApplication->runController('admin/login/ind...')
#15 D:\WWW\yii\framework\base\CApplication.php(155): CWebApplication->processRequest()
#16 D:\WWW\yii\myapp\index.php(13): CApplication->run()
#17 {main} REQUEST_URI=/yii/myapp/index.php?r=admin/login/index
2014/11/05 18:15:27 [error] [exception.CException] exception 'CException' with message 'Property "LoginForm.verify" is not defined.' in D:\WWW\yii\framework\base\CComponent.php:131
Stack trace:
#0 D:\WWW\yii\framework\web\helpers\CHtml.php(2050): CComponent->__get('verify')
#1 D:\WWW\yii\framework\web\helpers\CHtml.php(1777): CHtml::resolveValue(Object(LoginForm), 'verify')
#2 D:\WWW\yii\framework\web\helpers\CHtml.php(1186): CHtml::activeInputField('text', Object(LoginForm), 'verify', Array)
#3 D:\WWW\yii\framework\web\widgets\CActiveForm.php(567): CHtml::activeTextField(Object(LoginForm), 'verify', Array)
#4 D:\WWW\yii\myapp\protected\modules\admin\views\login\index.php(16): CActiveForm->textField(Object(LoginForm), 'verify', Array)
#5 D:\WWW\yii\framework\web\CBaseController.php(119): require('D:\WWW\yii\myap...')
#6 D:\WWW\yii\framework\web\CBaseController.php(88): CBaseController->renderInternal('D:\WWW\yii\myap...', Array, true)
#7 D:\WWW\yii\framework\web\CController.php(866): CBaseController->renderFile('D:\WWW\yii\myap...', Array, true)
#8 D:\WWW\yii\myapp\protected\modules\admin\controllers\LoginController.php(5): CController->renderPartial('index', Array)
#9 D:\WWW\yii\framework\web\actions\CInlineAction.php(50): LoginController->actionIndex()
#10 D:\WWW\yii\framework\web\CController.php(300): CInlineAction->runWithParams(Array)
#11 D:\WWW\yii\framework\web\CController.php(278): CController->runAction(Object(CInlineAction))
#12 D:\WWW\yii\framework\web\CController.php(257): CController->runActionWithFilters(Object(CInlineAction), Array)
#13 D:\WWW\yii\framework\web\CWebApplication.php(328): CController->run('index')
#14 D:\WWW\yii\framework\web\CWebApplication.php(121): CWebApplication->runController('admin/login/ind...')
#15 D:\WWW\yii\framework\base\CApplication.php(155): CWebApplication->processRequest()
#16 D:\WWW\yii\myapp\index.php(13): CApplication->run()
#17 {main} REQUEST_URI=/yii/myapp/index.php?r=admin/login/index
2014/11/05 18:15:28 [error] [exception.CException] exception 'CException' with message 'Property "LoginForm.verify" is not defined.' in D:\WWW\yii\framework\base\CComponent.php:131
Stack trace:
#0 D:\WWW\yii\framework\web\helpers\CHtml.php(2050): CComponent->__get('verify')
#1 D:\WWW\yii\framework\web\helpers\CHtml.php(1777): CHtml::resolveValue(Object(LoginForm), 'verify')
#2 D:\WWW\yii\framework\web\helpers\CHtml.php(1186): CHtml::activeInputField('text', Object(LoginForm), 'verify', Array)
#3 D:\WWW\yii\framework\web\widgets\CActiveForm.php(567): CHtml::activeTextField(Object(LoginForm), 'verify', Array)
#4 D:\WWW\yii\myapp\protected\modules\admin\views\login\index.php(16): CActiveForm->textField(Object(LoginForm), 'verify', Array)
#5 D:\WWW\yii\framework\web\CBaseController.php(119): require('D:\WWW\yii\myap...')
#6 D:\WWW\yii\framework\web\CBaseController.php(88): CBaseController->renderInternal('D:\WWW\yii\myap...', Array, true)
#7 D:\WWW\yii\framework\web\CController.php(866): CBaseController->renderFile('D:\WWW\yii\myap...', Array, true)
#8 D:\WWW\yii\myapp\protected\modules\admin\controllers\LoginController.php(5): CController->renderPartial('index', Array)
#9 D:\WWW\yii\framework\web\actions\CInlineAction.php(50): LoginController->actionIndex()
#10 D:\WWW\yii\framework\web\CController.php(300): CInlineAction->runWithParams(Array)
#11 D:\WWW\yii\framework\web\CController.php(278): CController->runAction(Object(CInlineAction))
#12 D:\WWW\yii\framework\web\CController.php(257): CController->runActionWithFilters(Object(CInlineAction), Array)
#13 D:\WWW\yii\framework\web\CWebApplication.php(328): CController->run('index')
#14 D:\WWW\yii\framework\web\CWebApplication.php(121): CWebApplication->runController('admin/login/ind...')
#15 D:\WWW\yii\framework\base\CApplication.php(155): CWebApplication->processRequest()
#16 D:\WWW\yii\myapp\index.php(13): CApplication->run()
#17 {main} REQUEST_URI=/yii/myapp/index.php?r=admin/login/index
2014/11/06 08:53:58 [error] [exception.CException] exception 'CException' with message 'Property "CCaptcha.showRefeshButton" is not defined.' in D:\WWW\yii\framework\base\CComponent.php:173
Stack trace:
#0 D:\WWW\yii\framework\web\CWidgetFactory.php(162): CComponent->__set('showRefeshButto...', false)
#1 D:\WWW\yii\framework\web\CBaseController.php(139): CWidgetFactory->createWidget(Object(LoginController), 'CCaptcha', Array)
#2 D:\WWW\yii\framework\web\CBaseController.php(165): CBaseController->createWidget('CCaptcha', Array)
#3 D:\WWW\yii\myapp\protected\modules\admin\views\login\index.php(21): CBaseController->widget('CCaptcha', Array)
#4 D:\WWW\yii\framework\web\CBaseController.php(119): require('D:\WWW\yii\myap...')
#5 D:\WWW\yii\framework\web\CBaseController.php(88): CBaseController->renderInternal('D:\WWW\yii\myap...', Array, true)
#6 D:\WWW\yii\framework\web\CController.php(866): CBaseController->renderFile('D:\WWW\yii\myap...', Array, true)
#7 D:\WWW\yii\myapp\protected\modules\admin\controllers\LoginController.php(5): CController->renderPartial('index', Array)
#8 D:\WWW\yii\framework\web\actions\CInlineAction.php(50): LoginController->actionIndex()
#9 D:\WWW\yii\framework\web\CController.php(300): CInlineAction->runWithParams(Array)
#10 D:\WWW\yii\framework\web\CController.php(278): CController->runAction(Object(CInlineAction))
#11 D:\WWW\yii\framework\web\CController.php(257): CController->runActionWithFilters(Object(CInlineAction), Array)
#12 D:\WWW\yii\framework\web\CWebApplication.php(328): CController->run('index')
#13 D:\WWW\yii\framework\web\CWebApplication.php(121): CWebApplication->runController('admin/login/ind...')
#14 D:\WWW\yii\framework\base\CApplication.php(155): CWebApplication->processRequest()
#15 D:\WWW\yii\myapp\index.php(13): CApplication->run()
#16 {main} REQUEST_URI=/yii/myapp/index.php?r=admin/login/index
2014/11/06 08:56:06 [error] [exception.CException] exception 'CException' with message 'Property "CCaptcha.showRefeshButton" is not defined.' in D:\WWW\yii\framework\base\CComponent.php:173
Stack trace:
#0 D:\WWW\yii\framework\web\CWidgetFactory.php(162): CComponent->__set('showRefeshButto...', false)
#1 D:\WWW\yii\framework\web\CBaseController.php(139): CWidgetFactory->createWidget(Object(LoginController), 'CCaptcha', Array)
#2 D:\WWW\yii\framework\web\CBaseController.php(165): CBaseController->createWidget('CCaptcha', Array)
#3 D:\WWW\yii\myapp\protected\modules\admin\views\login\index.php(21): CBaseController->widget('CCaptcha', Array)
#4 D:\WWW\yii\framework\web\CBaseController.php(119): require('D:\WWW\yii\myap...')
#5 D:\WWW\yii\framework\web\CBaseController.php(88): CBaseController->renderInternal('D:\WWW\yii\myap...', Array, true)
#6 D:\WWW\yii\framework\web\CController.php(866): CBaseController->renderFile('D:\WWW\yii\myap...', Array, true)
#7 D:\WWW\yii\framework\web\CController.php(779): CController->renderPartial('index', Array, true)
#8 D:\WWW\yii\myapp\protected\modules\admin\controllers\LoginController.php(5): CController->render('index', Array)
#9 D:\WWW\yii\framework\web\actions\CInlineAction.php(50): LoginController->actionIndex()
#10 D:\WWW\yii\framework\web\CController.php(300): CInlineAction->runWithParams(Array)
#11 D:\WWW\yii\framework\web\CController.php(278): CController->runAction(Object(CInlineAction))
#12 D:\WWW\yii\framework\web\CController.php(257): CController->runActionWithFilters(Object(CInlineAction), Array)
#13 D:\WWW\yii\framework\web\CWebApplication.php(328): CController->run('index')
#14 D:\WWW\yii\framework\web\CWebApplication.php(121): CWebApplication->runController('admin/login/ind...')
#15 D:\WWW\yii\framework\base\CApplication.php(155): CWebApplication->processRequest()
#16 D:\WWW\yii\myapp\index.php(13): CApplication->run()
#17 {main} REQUEST_URI=/yii/myapp/index.php?r=admin/login/index
2014/11/06 08:56:08 [error] [exception.CException] exception 'CException' with message 'Property "CCaptcha.showRefeshButton" is not defined.' in D:\WWW\yii\framework\base\CComponent.php:173
Stack trace:
#0 D:\WWW\yii\framework\web\CWidgetFactory.php(162): CComponent->__set('showRefeshButto...', false)
#1 D:\WWW\yii\framework\web\CBaseController.php(139): CWidgetFactory->createWidget(Object(LoginController), 'CCaptcha', Array)
#2 D:\WWW\yii\framework\web\CBaseController.php(165): CBaseController->createWidget('CCaptcha', Array)
#3 D:\WWW\yii\myapp\protected\modules\admin\views\login\index.php(21): CBaseController->widget('CCaptcha', Array)
#4 D:\WWW\yii\framework\web\CBaseController.php(119): require('D:\WWW\yii\myap...')
#5 D:\WWW\yii\framework\web\CBaseController.php(88): CBaseController->renderInternal('D:\WWW\yii\myap...', Array, true)
#6 D:\WWW\yii\framework\web\CController.php(866): CBaseController->renderFile('D:\WWW\yii\myap...', Array, true)
#7 D:\WWW\yii\framework\web\CController.php(779): CController->renderPartial('index', Array, true)
#8 D:\WWW\yii\myapp\protected\modules\admin\controllers\LoginController.php(5): CController->render('index', Array)
#9 D:\WWW\yii\framework\web\actions\CInlineAction.php(50): LoginController->actionIndex()
#10 D:\WWW\yii\framework\web\CController.php(300): CInlineAction->runWithParams(Array)
#11 D:\WWW\yii\framework\web\CController.php(278): CController->runAction(Object(CInlineAction))
#12 D:\WWW\yii\framework\web\CController.php(257): CController->runActionWithFilters(Object(CInlineAction), Array)
#13 D:\WWW\yii\framework\web\CWebApplication.php(328): CController->run('index')
#14 D:\WWW\yii\framework\web\CWebApplication.php(121): CWebApplication->runController('admin/login/ind...')
#15 D:\WWW\yii\framework\base\CApplication.php(155): CWebApplication->processRequest()
#16 D:\WWW\yii\myapp\index.php(13): CApplication->run()
#17 {main} REQUEST_URI=/yii/myapp/index.php?r=admin/login/index
2014/11/06 08:56:20 [error] [exception.CException] exception 'CException' with message 'Property "CCaptcha.showRefeshButton" is not defined.' in D:\WWW\yii\framework\base\CComponent.php:173
Stack trace:
#0 D:\WWW\yii\framework\web\CWidgetFactory.php(162): CComponent->__set('showRefeshButto...', false)
#1 D:\WWW\yii\framework\web\CBaseController.php(139): CWidgetFactory->createWidget(Object(LoginController), 'CCaptcha', Array)
#2 D:\WWW\yii\framework\web\CBaseController.php(165): CBaseController->createWidget('CCaptcha', Array)
#3 D:\WWW\yii\myapp\protected\modules\admin\views\login\index.php(21): CBaseController->widget('CCaptcha', Array)
#4 D:\WWW\yii\framework\web\CBaseController.php(119): require('D:\WWW\yii\myap...')
#5 D:\WWW\yii\framework\web\CBaseController.php(88): CBaseController->renderInternal('D:\WWW\yii\myap...', Array, true)
#6 D:\WWW\yii\framework\web\CController.php(866): CBaseController->renderFile('D:\WWW\yii\myap...', Array, true)
#7 D:\WWW\yii\framework\web\CController.php(779): CController->renderPartial('index', Array, true)
#8 D:\WWW\yii\myapp\protected\modules\admin\controllers\LoginController.php(5): CController->render('index', Array)
#9 D:\WWW\yii\framework\web\actions\CInlineAction.php(50): LoginController->actionIndex()
#10 D:\WWW\yii\framework\web\CController.php(300): CInlineAction->runWithParams(Array)
#11 D:\WWW\yii\framework\web\CController.php(278): CController->runAction(Object(CInlineAction))
#12 D:\WWW\yii\framework\web\CController.php(257): CController->runActionWithFilters(Object(CInlineAction), Array)
#13 D:\WWW\yii\framework\web\CWebApplication.php(328): CController->run('index')
#14 D:\WWW\yii\framework\web\CWebApplication.php(121): CWebApplication->runController('admin/login/ind...')
#15 D:\WWW\yii\framework\base\CApplication.php(155): CWebApplication->processRequest()
#16 D:\WWW\yii\myapp\index.php(13): CApplication->run()
#17 {main} REQUEST_URI=/yii/myapp/index.php?r=admin/login/index
2014/11/06 08:57:08 [error] [exception.CException] exception 'CException' with message 'Property "CCaptcha.showRefeshButton" is not defined.' in D:\WWW\yii\framework\base\CComponent.php:173
Stack trace:
#0 D:\WWW\yii\framework\web\CWidgetFactory.php(162): CComponent->__set('showRefeshButto...', false)
#1 D:\WWW\yii\framework\web\CBaseController.php(139): CWidgetFactory->createWidget(Object(LoginController), 'CCaptcha', Array)
#2 D:\WWW\yii\framework\web\CBaseController.php(165): CBaseController->createWidget('CCaptcha', Array)
#3 D:\WWW\yii\myapp\protected\modules\admin\views\login\index.php(21): CBaseController->widget('CCaptcha', Array)
#4 D:\WWW\yii\framework\web\CBaseController.php(119): require('D:\WWW\yii\myap...')
#5 D:\WWW\yii\framework\web\CBaseController.php(88): CBaseController->renderInternal('D:\WWW\yii\myap...', Array, true)
#6 D:\WWW\yii\framework\web\CController.php(866): CBaseController->renderFile('D:\WWW\yii\myap...', Array, true)
#7 D:\WWW\yii\framework\web\CController.php(779): CController->renderPartial('index', Array, true)
#8 D:\WWW\yii\myapp\protected\modules\admin\controllers\LoginController.php(5): CController->render('index', Array)
#9 D:\WWW\yii\framework\web\actions\CInlineAction.php(50): LoginController->actionIndex()
#10 D:\WWW\yii\framework\web\CController.php(300): CInlineAction->runWithParams(Array)
#11 D:\WWW\yii\framework\web\CController.php(278): CController->runAction(Object(CInlineAction))
#12 D:\WWW\yii\framework\web\CController.php(257): CController->runActionWithFilters(Object(CInlineAction), Array)
#13 D:\WWW\yii\framework\web\CWebApplication.php(328): CController->run('index')
#14 D:\WWW\yii\framework\web\CWebApplication.php(121): CWebApplication->runController('admin/login/ind...')
#15 D:\WWW\yii\framework\base\CApplication.php(155): CWebApplication->processRequest()
#16 D:\WWW\yii\myapp\index.php(13): CApplication->run()
#17 {main} REQUEST_URI=/yii/myapp/index.php?r=admin/login/index
2014/11/06 08:57:09 [error] [exception.CException] exception 'CException' with message 'Property "CCaptcha.showRefeshButton" is not defined.' in D:\WWW\yii\framework\base\CComponent.php:173
Stack trace:
#0 D:\WWW\yii\framework\web\CWidgetFactory.php(162): CComponent->__set('showRefeshButto...', false)
#1 D:\WWW\yii\framework\web\CBaseController.php(139): CWidgetFactory->createWidget(Object(LoginController), 'CCaptcha', Array)
#2 D:\WWW\yii\framework\web\CBaseController.php(165): CBaseController->createWidget('CCaptcha', Array)
#3 D:\WWW\yii\myapp\protected\modules\admin\views\login\index.php(21): CBaseController->widget('CCaptcha', Array)
#4 D:\WWW\yii\framework\web\CBaseController.php(119): require('D:\WWW\yii\myap...')
#5 D:\WWW\yii\framework\web\CBaseController.php(88): CBaseController->renderInternal('D:\WWW\yii\myap...', Array, true)
#6 D:\WWW\yii\framework\web\CController.php(866): CBaseController->renderFile('D:\WWW\yii\myap...', Array, true)
#7 D:\WWW\yii\framework\web\CController.php(779): CController->renderPartial('index', Array, true)
#8 D:\WWW\yii\myapp\protected\modules\admin\controllers\LoginController.php(5): CController->render('index', Array)
#9 D:\WWW\yii\framework\web\actions\CInlineAction.php(50): LoginController->actionIndex()
#10 D:\WWW\yii\framework\web\CController.php(300): CInlineAction->runWithParams(Array)
#11 D:\WWW\yii\framework\web\CController.php(278): CController->runAction(Object(CInlineAction))
#12 D:\WWW\yii\framework\web\CController.php(257): CController->runActionWithFilters(Object(CInlineAction), Array)
#13 D:\WWW\yii\framework\web\CWebApplication.php(328): CController->run('index')
#14 D:\WWW\yii\framework\web\CWebApplication.php(121): CWebApplication->runController('admin/login/ind...')
#15 D:\WWW\yii\framework\base\CApplication.php(155): CWebApplication->processRequest()
#16 D:\WWW\yii\myapp\index.php(13): CApplication->run()
#17 {main} REQUEST_URI=/yii/myapp/index.php?r=admin/login/index
2014/11/06 09:03:53 [error] [exception.CException] exception 'CException' with message 'Property "CCaptcha.showRefeshButton" is not defined.' in D:\WWW\yii\framework\base\CComponent.php:173
Stack trace:
#0 D:\WWW\yii\framework\web\CWidgetFactory.php(162): CComponent->__set('showRefeshButto...', false)
#1 D:\WWW\yii\framework\web\CBaseController.php(139): CWidgetFactory->createWidget(Object(LoginController), 'CCaptcha', Array)
#2 D:\WWW\yii\framework\web\CBaseController.php(165): CBaseController->createWidget('CCaptcha', Array)
#3 D:\WWW\yii\myapp\protected\modules\admin\views\login\index.php(21): CBaseController->widget('CCaptcha', Array)
#4 D:\WWW\yii\framework\web\CBaseController.php(119): require('D:\WWW\yii\myap...')
#5 D:\WWW\yii\framework\web\CBaseController.php(88): CBaseController->renderInternal('D:\WWW\yii\myap...', Array, true)
#6 D:\WWW\yii\framework\web\CController.php(866): CBaseController->renderFile('D:\WWW\yii\myap...', Array, true)
#7 D:\WWW\yii\framework\web\CController.php(779): CController->renderPartial('index', Array, true)
#8 D:\WWW\yii\myapp\protected\modules\admin\controllers\LoginController.php(5): CController->render('index', Array)
#9 D:\WWW\yii\framework\web\actions\CInlineAction.php(50): LoginController->actionIndex()
#10 D:\WWW\yii\framework\web\CController.php(300): CInlineAction->runWithParams(Array)
#11 D:\WWW\yii\framework\web\CController.php(278): CController->runAction(Object(CInlineAction))
#12 D:\WWW\yii\framework\web\CController.php(257): CController->runActionWithFilters(Object(CInlineAction), Array)
#13 D:\WWW\yii\framework\web\CWebApplication.php(328): CController->run('index')
#14 D:\WWW\yii\framework\web\CWebApplication.php(121): CWebApplication->runController('admin/login/ind...')
#15 D:\WWW\yii\framework\base\CApplication.php(155): CWebApplication->processRequest()
#16 D:\WWW\yii\myapp\index.php(13): CApplication->run()
#17 {main} REQUEST_URI=/yii/myapp/index.php?r=admin/login/index
2014/11/06 09:04:57 [error] [exception.CException] exception 'CException' with message 'Property "CCaptcha.showRefeshButton" is not defined.' in D:\WWW\yii\framework\base\CComponent.php:173
Stack trace:
#0 D:\WWW\yii\framework\web\CWidgetFactory.php(162): CComponent->__set('showRefeshButto...', false)
#1 D:\WWW\yii\framework\web\CBaseController.php(139): CWidgetFactory->createWidget(Object(LoginController), 'CCaptcha', Array)
#2 D:\WWW\yii\framework\web\CBaseController.php(165): CBaseController->createWidget('CCaptcha', Array)
#3 D:\WWW\yii\myapp\protected\modules\admin\views\login\index.php(21): CBaseController->widget('CCaptcha', Array)
#4 D:\WWW\yii\framework\web\CBaseController.php(119): require('D:\WWW\yii\myap...')
#5 D:\WWW\yii\framework\web\CBaseController.php(88): CBaseController->renderInternal('D:\WWW\yii\myap...', Array, true)
#6 D:\WWW\yii\framework\web\CController.php(866): CBaseController->renderFile('D:\WWW\yii\myap...', Array, true)
#7 D:\WWW\yii\framework\web\CController.php(779): CController->renderPartial('index', Array, true)
#8 D:\WWW\yii\myapp\protected\modules\admin\controllers\LoginController.php(5): CController->render('index', Array)
#9 D:\WWW\yii\framework\web\actions\CInlineAction.php(50): LoginController->actionIndex()
#10 D:\WWW\yii\framework\web\CController.php(300): CInlineAction->runWithParams(Array)
#11 D:\WWW\yii\framework\web\CController.php(278): CController->runAction(Object(CInlineAction))
#12 D:\WWW\yii\framework\web\CController.php(257): CController->runActionWithFilters(Object(CInlineAction), Array)
#13 D:\WWW\yii\framework\web\CWebApplication.php(328): CController->run('index')
#14 D:\WWW\yii\framework\web\CWebApplication.php(121): CWebApplication->runController('admin/login/ind...')
#15 D:\WWW\yii\framework\base\CApplication.php(155): CWebApplication->processRequest()
#16 D:\WWW\yii\myapp\index.php(13): CApplication->run()
#17 {main} REQUEST_URI=/yii/myapp/index.php?r=admin/login/index
2014/11/06 09:05:10 [error] [exception.CException] exception 'CException' with message 'Property "CCaptcha.showrefeshButton" is not defined.' in D:\WWW\yii\framework\base\CComponent.php:173
Stack trace:
#0 D:\WWW\yii\framework\web\CWidgetFactory.php(162): CComponent->__set('showrefeshButto...', false)
#1 D:\WWW\yii\framework\web\CBaseController.php(139): CWidgetFactory->createWidget(Object(LoginController), 'CCaptcha', Array)
#2 D:\WWW\yii\framework\web\CBaseController.php(165): CBaseController->createWidget('CCaptcha', Array)
#3 D:\WWW\yii\myapp\protected\modules\admin\views\login\index.php(21): CBaseController->widget('CCaptcha', Array)
#4 D:\WWW\yii\framework\web\CBaseController.php(119): require('D:\WWW\yii\myap...')
#5 D:\WWW\yii\framework\web\CBaseController.php(88): CBaseController->renderInternal('D:\WWW\yii\myap...', Array, true)
#6 D:\WWW\yii\framework\web\CController.php(866): CBaseController->renderFile('D:\WWW\yii\myap...', Array, true)
#7 D:\WWW\yii\framework\web\CController.php(779): CController->renderPartial('index', Array, true)
#8 D:\WWW\yii\myapp\protected\modules\admin\controllers\LoginController.php(5): CController->render('index', Array)
#9 D:\WWW\yii\framework\web\actions\CInlineAction.php(50): LoginController->actionIndex()
#10 D:\WWW\yii\framework\web\CController.php(300): CInlineAction->runWithParams(Array)
#11 D:\WWW\yii\framework\web\CController.php(278): CController->runAction(Object(CInlineAction))
#12 D:\WWW\yii\framework\web\CController.php(257): CController->runActionWithFilters(Object(CInlineAction), Array)
#13 D:\WWW\yii\framework\web\CWebApplication.php(328): CController->run('index')
#14 D:\WWW\yii\framework\web\CWebApplication.php(121): CWebApplication->runController('admin/login/ind...')
#15 D:\WWW\yii\framework\base\CApplication.php(155): CWebApplication->processRequest()
#16 D:\WWW\yii\myapp\index.php(13): CApplication->run()
#17 {main} REQUEST_URI=/yii/myapp/index.php?r=admin/login/index
2014/11/06 09:11:51 [error] [exception.CException] exception 'CException' with message 'Property "LoginForm.captcha" is not defined.' in D:\WWW\yii\framework\base\CComponent.php:131
Stack trace:
#0 D:\WWW\yii\framework\web\helpers\CHtml.php(2050): CComponent->__get('captcha')
#1 D:\WWW\yii\framework\web\helpers\CHtml.php(1777): CHtml::resolveValue(Object(LoginForm), 'captcha')
#2 D:\WWW\yii\framework\web\helpers\CHtml.php(1186): CHtml::activeInputField('text', Object(LoginForm), 'captcha', Array)
#3 D:\WWW\yii\framework\web\widgets\CActiveForm.php(567): CHtml::activeTextField(Object(LoginForm), 'captcha', Array)
#4 D:\WWW\yii\myapp\protected\modules\admin\views\login\index.php(16): CActiveForm->textField(Object(LoginForm), 'captcha', Array)
#5 D:\WWW\yii\framework\web\CBaseController.php(119): require('D:\WWW\yii\myap...')
#6 D:\WWW\yii\framework\web\CBaseController.php(88): CBaseController->renderInternal('D:\WWW\yii\myap...', Array, true)
#7 D:\WWW\yii\framework\web\CController.php(866): CBaseController->renderFile('D:\WWW\yii\myap...', Array, true)
#8 D:\WWW\yii\framework\web\CController.php(779): CController->renderPartial('index', Array, true)
#9 D:\WWW\yii\myapp\protected\modules\admin\controllers\LoginController.php(5): CController->render('index', Array)
#10 D:\WWW\yii\framework\web\actions\CInlineAction.php(50): LoginController->actionIndex()
#11 D:\WWW\yii\framework\web\CController.php(300): CInlineAction->runWithParams(Array)
#12 D:\WWW\yii\framework\web\CController.php(278): CController->runAction(Object(CInlineAction))
#13 D:\WWW\yii\framework\web\CController.php(257): CController->runActionWithFilters(Object(CInlineAction), Array)
#14 D:\WWW\yii\framework\web\CWebApplication.php(328): CController->run('index')
#15 D:\WWW\yii\framework\web\CWebApplication.php(121): CWebApplication->runController('admin/login/ind...')
#16 D:\WWW\yii\framework\base\CApplication.php(155): CWebApplication->processRequest()
#17 D:\WWW\yii\myapp\index.php(13): CApplication->run()
#18 {main} REQUEST_URI=/yii/myapp/index.php?r=admin/login/index
2014/11/06 09:12:11 [error] [exception.CException] exception 'CException' with message 'Property "LoginForm.captcha" is not defined.' in D:\WWW\yii\framework\base\CComponent.php:131
Stack trace:
#0 D:\WWW\yii\framework\web\helpers\CHtml.php(2050): CComponent->__get('captcha')
#1 D:\WWW\yii\framework\web\helpers\CHtml.php(1777): CHtml::resolveValue(Object(LoginForm), 'captcha')
#2 D:\WWW\yii\framework\web\helpers\CHtml.php(1186): CHtml::activeInputField('text', Object(LoginForm), 'captcha', Array)
#3 D:\WWW\yii\framework\web\widgets\CActiveForm.php(567): CHtml::activeTextField(Object(LoginForm), 'captcha', Array)
#4 D:\WWW\yii\myapp\protected\modules\admin\views\login\index.php(16): CActiveForm->textField(Object(LoginForm), 'captcha', Array)
#5 D:\WWW\yii\framework\web\CBaseController.php(119): require('D:\WWW\yii\myap...')
#6 D:\WWW\yii\framework\web\CBaseController.php(88): CBaseController->renderInternal('D:\WWW\yii\myap...', Array, true)
#7 D:\WWW\yii\framework\web\CController.php(866): CBaseController->renderFile('D:\WWW\yii\myap...', Array, true)
#8 D:\WWW\yii\framework\web\CController.php(779): CController->renderPartial('index', Array, true)
#9 D:\WWW\yii\myapp\protected\modules\admin\controllers\LoginController.php(5): CController->render('index', Array)
#10 D:\WWW\yii\framework\web\actions\CInlineAction.php(50): LoginController->actionIndex()
#11 D:\WWW\yii\framework\web\CController.php(300): CInlineAction->runWithParams(Array)
#12 D:\WWW\yii\framework\web\CController.php(278): CController->runAction(Object(CInlineAction))
#13 D:\WWW\yii\framework\web\CController.php(257): CController->runActionWithFilters(Object(CInlineAction), Array)
#14 D:\WWW\yii\framework\web\CWebApplication.php(328): CController->run('index')
#15 D:\WWW\yii\framework\web\CWebApplication.php(121): CWebApplication->runController('admin/login/ind...')
#16 D:\WWW\yii\framework\base\CApplication.php(155): CWebApplication->processRequest()
#17 D:\WWW\yii\myapp\index.php(13): CApplication->run()
#18 {main} REQUEST_URI=/yii/myapp/index.php?r=admin/login/index
2014/11/06 09:12:12 [error] [exception.CException] exception 'CException' with message 'Property "LoginForm.captcha" is not defined.' in D:\WWW\yii\framework\base\CComponent.php:131
Stack trace:
#0 D:\WWW\yii\framework\web\helpers\CHtml.php(2050): CComponent->__get('captcha')
#1 D:\WWW\yii\framework\web\helpers\CHtml.php(1777): CHtml::resolveValue(Object(LoginForm), 'captcha')
#2 D:\WWW\yii\framework\web\helpers\CHtml.php(1186): CHtml::activeInputField('text', Object(LoginForm), 'captcha', Array)
#3 D:\WWW\yii\framework\web\widgets\CActiveForm.php(567): CHtml::activeTextField(Object(LoginForm), 'captcha', Array)
#4 D:\WWW\yii\myapp\protected\modules\admin\views\login\index.php(16): CActiveForm->textField(Object(LoginForm), 'captcha', Array)
#5 D:\WWW\yii\framework\web\CBaseController.php(119): require('D:\WWW\yii\myap...')
#6 D:\WWW\yii\framework\web\CBaseController.php(88): CBaseController->renderInternal('D:\WWW\yii\myap...', Array, true)
#7 D:\WWW\yii\framework\web\CController.php(866): CBaseController->renderFile('D:\WWW\yii\myap...', Array, true)
#8 D:\WWW\yii\framework\web\CController.php(779): CController->renderPartial('index', Array, true)
#9 D:\WWW\yii\myapp\protected\modules\admin\controllers\LoginController.php(5): CController->render('index', Array)
#10 D:\WWW\yii\framework\web\actions\CInlineAction.php(50): LoginController->actionIndex()
#11 D:\WWW\yii\framework\web\CController.php(300): CInlineAction->runWithParams(Array)
#12 D:\WWW\yii\framework\web\CController.php(278): CController->runAction(Object(CInlineAction))
#13 D:\WWW\yii\framework\web\CController.php(257): CController->runActionWithFilters(Object(CInlineAction), Array)
#14 D:\WWW\yii\framework\web\CWebApplication.php(328): CController->run('index')
#15 D:\WWW\yii\framework\web\CWebApplication.php(121): CWebApplication->runController('admin/login/ind...')
#16 D:\WWW\yii\framework\base\CApplication.php(155): CWebApplication->processRequest()
#17 D:\WWW\yii\myapp\index.php(13): CApplication->run()
#18 {main} REQUEST_URI=/yii/myapp/index.php?r=admin/login/index
2014/11/06 09:12:35 [error] [exception.CException] exception 'CException' with message 'Property "LoginForm.captcha" is not defined.' in D:\WWW\yii\framework\base\CComponent.php:131
Stack trace:
#0 D:\WWW\yii\framework\web\helpers\CHtml.php(2050): CComponent->__get('captcha')
#1 D:\WWW\yii\framework\web\helpers\CHtml.php(1777): CHtml::resolveValue(Object(LoginForm), 'captcha')
#2 D:\WWW\yii\framework\web\helpers\CHtml.php(1186): CHtml::activeInputField('text', Object(LoginForm), 'captcha', Array)
#3 D:\WWW\yii\framework\web\widgets\CActiveForm.php(567): CHtml::activeTextField(Object(LoginForm), 'captcha', Array)
#4 D:\WWW\yii\myapp\protected\modules\admin\views\login\index.php(16): CActiveForm->textField(Object(LoginForm), 'captcha', Array)
#5 D:\WWW\yii\framework\web\CBaseController.php(119): require('D:\WWW\yii\myap...')
#6 D:\WWW\yii\framework\web\CBaseController.php(88): CBaseController->renderInternal('D:\WWW\yii\myap...', Array, true)
#7 D:\WWW\yii\framework\web\CController.php(866): CBaseController->renderFile('D:\WWW\yii\myap...', Array, true)
#8 D:\WWW\yii\framework\web\CController.php(779): CController->renderPartial('index', Array, true)
#9 D:\WWW\yii\myapp\protected\modules\admin\controllers\LoginController.php(5): CController->render('index', Array)
#10 D:\WWW\yii\framework\web\actions\CInlineAction.php(50): LoginController->actionIndex()
#11 D:\WWW\yii\framework\web\CController.php(300): CInlineAction->runWithParams(Array)
#12 D:\WWW\yii\framework\web\CController.php(278): CController->runAction(Object(CInlineAction))
#13 D:\WWW\yii\framework\web\CController.php(257): CController->runActionWithFilters(Object(CInlineAction), Array)
#14 D:\WWW\yii\framework\web\CWebApplication.php(328): CController->run('index')
#15 D:\WWW\yii\framework\web\CWebApplication.php(121): CWebApplication->runController('admin/login/ind...')
#16 D:\WWW\yii\framework\base\CApplication.php(155): CWebApplication->processRequest()
#17 D:\WWW\yii\myapp\index.php(13): CApplication->run()
#18 {main} REQUEST_URI=/yii/myapp/index.php?r=admin/login/index
2014/11/06 09:12:38 [error] [exception.CException] exception 'CException' with message 'Property "LoginForm.captcha" is not defined.' in D:\WWW\yii\framework\base\CComponent.php:131
Stack trace:
#0 D:\WWW\yii\framework\web\helpers\CHtml.php(2050): CComponent->__get('captcha')
#1 D:\WWW\yii\framework\web\helpers\CHtml.php(1777): CHtml::resolveValue(Object(LoginForm), 'captcha')
#2 D:\WWW\yii\framework\web\helpers\CHtml.php(1186): CHtml::activeInputField('text', Object(LoginForm), 'captcha', Array)
#3 D:\WWW\yii\framework\web\widgets\CActiveForm.php(567): CHtml::activeTextField(Object(LoginForm), 'captcha', Array)
#4 D:\WWW\yii\myapp\protected\modules\admin\views\login\index.php(16): CActiveForm->textField(Object(LoginForm), 'captcha', Array)
#5 D:\WWW\yii\framework\web\CBaseController.php(119): require('D:\WWW\yii\myap...')
#6 D:\WWW\yii\framework\web\CBaseController.php(88): CBaseController->renderInternal('D:\WWW\yii\myap...', Array, true)
#7 D:\WWW\yii\framework\web\CController.php(866): CBaseController->renderFile('D:\WWW\yii\myap...', Array, true)
#8 D:\WWW\yii\framework\web\CController.php(779): CController->renderPartial('index', Array, true)
#9 D:\WWW\yii\myapp\protected\modules\admin\controllers\LoginController.php(5): CController->render('index', Array)
#10 D:\WWW\yii\framework\web\actions\CInlineAction.php(50): LoginController->actionIndex()
#11 D:\WWW\yii\framework\web\CController.php(300): CInlineAction->runWithParams(Array)
#12 D:\WWW\yii\framework\web\CController.php(278): CController->runAction(Object(CInlineAction))
#13 D:\WWW\yii\framework\web\CController.php(257): CController->runActionWithFilters(Object(CInlineAction), Array)
#14 D:\WWW\yii\framework\web\CWebApplication.php(328): CController->run('index')
#15 D:\WWW\yii\framework\web\CWebApplication.php(121): CWebApplication->runController('admin/login/ind...')
#16 D:\WWW\yii\framework\base\CApplication.php(155): CWebApplication->processRequest()
#17 D:\WWW\yii\myapp\index.php(13): CApplication->run()
#18 {main} REQUEST_URI=/yii/myapp/index.php?r=admin/login/index
2014/11/06 09:52:17 [error] [php] Undefined index: LoginForm (D:\WWW\yii\myapp\protected\modules\admin\controllers\LoginController.php:14)
Stack trace:
#0 D:\WWW\yii\framework\web\CController.php(278): LoginController->runAction()
#1 D:\WWW\yii\framework\web\CController.php(257): LoginController->runActionWithFilters()
#2 D:\WWW\yii\framework\web\CWebApplication.php(328): LoginController->run()
#3 D:\WWW\yii\framework\web\CWebApplication.php(121): CWebApplication->runController()
#4 D:\WWW\yii\framework\base\CApplication.php(155): CWebApplication->processRequest()
#5 D:\WWW\yii\myapp\index.php(13): CWebApplication->run()
REQUEST_URI=/yii/myapp/index.php?r=admin/login/index
in D:\WWW\yii\myapp\protected\modules\admin\controllers\LoginController.php (14)
in D:\WWW\yii\myapp\index.php (13)
2014/11/06 09:56:43 [error] [php] Undefined index: LoginForm (D:\WWW\yii\myapp\protected\modules\admin\controllers\LoginController.php:14)
Stack trace:
#0 D:\WWW\yii\framework\web\CController.php(278): LoginController->runAction()
#1 D:\WWW\yii\framework\web\CController.php(257): LoginController->runActionWithFilters()
#2 D:\WWW\yii\framework\web\CWebApplication.php(328): LoginController->run()
#3 D:\WWW\yii\framework\web\CWebApplication.php(121): CWebApplication->runController()
#4 D:\WWW\yii\framework\base\CApplication.php(155): CWebApplication->processRequest()
#5 D:\WWW\yii\myapp\index.php(13): CWebApplication->run()
REQUEST_URI=/yii/myapp/index.php?r=admin/login/index
in D:\WWW\yii\myapp\protected\modules\admin\controllers\LoginController.php (14)
in D:\WWW\yii\myapp\index.php (13)
2014/11/06 09:56:44 [error] [php] Undefined index: LoginForm (D:\WWW\yii\myapp\protected\modules\admin\controllers\LoginController.php:14)
Stack trace:
#0 D:\WWW\yii\framework\web\CController.php(278): LoginController->runAction()
#1 D:\WWW\yii\framework\web\CController.php(257): LoginController->runActionWithFilters()
#2 D:\WWW\yii\framework\web\CWebApplication.php(328): LoginController->run()
#3 D:\WWW\yii\framework\web\CWebApplication.php(121): CWebApplication->runController()
#4 D:\WWW\yii\framework\base\CApplication.php(155): CWebApplication->processRequest()
#5 D:\WWW\yii\myapp\index.php(13): CWebApplication->run()
REQUEST_URI=/yii/myapp/index.php?r=admin/login/index
in D:\WWW\yii\myapp\protected\modules\admin\controllers\LoginController.php (14)
in D:\WWW\yii\myapp\index.php (13)
2014/11/06 09:56:54 [error] [php] Undefined index: LoginForm (D:\WWW\yii\myapp\protected\modules\admin\controllers\LoginController.php:14)
Stack trace:
#0 D:\WWW\yii\framework\web\CController.php(278): LoginController->runAction()
#1 D:\WWW\yii\framework\web\CController.php(257): LoginController->runActionWithFilters()
#2 D:\WWW\yii\framework\web\CWebApplication.php(328): LoginController->run()
#3 D:\WWW\yii\framework\web\CWebApplication.php(121): CWebApplication->runController()
#4 D:\WWW\yii\framework\base\CApplication.php(155): CWebApplication->processRequest()
#5 D:\WWW\yii\myapp\index.php(13): CWebApplication->run()
REQUEST_URI=/yii/myapp/index.php?r=admin/login/index
in D:\WWW\yii\myapp\protected\modules\admin\controllers\LoginController.php (14)
in D:\WWW\yii\myapp\index.php (13)
2014/11/06 09:56:55 [error] [php] Undefined index: LoginForm (D:\WWW\yii\myapp\protected\modules\admin\controllers\LoginController.php:14)
Stack trace:
#0 D:\WWW\yii\framework\web\CController.php(278): LoginController->runAction()
#1 D:\WWW\yii\framework\web\CController.php(257): LoginController->runActionWithFilters()
#2 D:\WWW\yii\framework\web\CWebApplication.php(328): LoginController->run()
#3 D:\WWW\yii\framework\web\CWebApplication.php(121): CWebApplication->runController()
#4 D:\WWW\yii\framework\base\CApplication.php(155): CWebApplication->processRequest()
#5 D:\WWW\yii\myapp\index.php(13): CWebApplication->run()
REQUEST_URI=/yii/myapp/index.php?r=admin/login/index
in D:\WWW\yii\myapp\protected\modules\admin\controllers\LoginController.php (14)
in D:\WWW\yii\myapp\index.php (13)
2014/11/06 09:57:23 [error] [php] Undefined index: LoginForm (D:\WWW\yii\myapp\protected\modules\admin\controllers\LoginController.php:14)
Stack trace:
#0 D:\WWW\yii\framework\web\CController.php(278): LoginController->runAction()
#1 D:\WWW\yii\framework\web\CController.php(257): LoginController->runActionWithFilters()
#2 D:\WWW\yii\framework\web\CWebApplication.php(328): LoginController->run()
#3 D:\WWW\yii\framework\web\CWebApplication.php(121): CWebApplication->runController()
#4 D:\WWW\yii\framework\base\CApplication.php(155): CWebApplication->processRequest()
#5 D:\WWW\yii\myapp\index.php(13): CWebApplication->run()
REQUEST_URI=/yii/myapp/index.php?r=admin/login/index
in D:\WWW\yii\myapp\protected\modules\admin\controllers\LoginController.php (14)
in D:\WWW\yii\myapp\index.php (13)
2014/11/06 09:57:24 [error] [php] Undefined index: LoginForm (D:\WWW\yii\myapp\protected\modules\admin\controllers\LoginController.php:14)
Stack trace:
#0 D:\WWW\yii\framework\web\CController.php(278): LoginController->runAction()
#1 D:\WWW\yii\framework\web\CController.php(257): LoginController->runActionWithFilters()
#2 D:\WWW\yii\framework\web\CWebApplication.php(328): LoginController->run()
#3 D:\WWW\yii\framework\web\CWebApplication.php(121): CWebApplication->runController()
#4 D:\WWW\yii\framework\base\CApplication.php(155): CWebApplication->processRequest()
#5 D:\WWW\yii\myapp\index.php(13): CWebApplication->run()
REQUEST_URI=/yii/myapp/index.php?r=admin/login/index
in D:\WWW\yii\myapp\protected\modules\admin\controllers\LoginController.php (14)
in D:\WWW\yii\myapp\index.php (13)
2014/11/06 09:57:40 [error] [php] Undefined index: LoginForm (D:\WWW\yii\myapp\protected\modules\admin\controllers\LoginController.php:14)
Stack trace:
#0 D:\WWW\yii\framework\web\CController.php(278): LoginController->runAction()
#1 D:\WWW\yii\framework\web\CController.php(257): LoginController->runActionWithFilters()
#2 D:\WWW\yii\framework\web\CWebApplication.php(328): LoginController->run()
#3 D:\WWW\yii\framework\web\CWebApplication.php(121): CWebApplication->runController()
#4 D:\WWW\yii\framework\base\CApplication.php(155): CWebApplication->processRequest()
#5 D:\WWW\yii\myapp\index.php(13): CWebApplication->run()
REQUEST_URI=/yii/myapp/index.php?r=admin/login/index
in D:\WWW\yii\myapp\protected\modules\admin\controllers\LoginController.php (14)
in D:\WWW\yii\myapp\index.php (13)
2014/11/06 09:57:41 [error] [php] Undefined index: LoginForm (D:\WWW\yii\myapp\protected\modules\admin\controllers\LoginController.php:14)
Stack trace:
#0 D:\WWW\yii\framework\web\CController.php(278): LoginController->runAction()
#1 D:\WWW\yii\framework\web\CController.php(257): LoginController->runActionWithFilters()
#2 D:\WWW\yii\framework\web\CWebApplication.php(328): LoginController->run()
#3 D:\WWW\yii\framework\web\CWebApplication.php(121): CWebApplication->runController()
#4 D:\WWW\yii\framework\base\CApplication.php(155): CWebApplication->processRequest()
#5 D:\WWW\yii\myapp\index.php(13): CWebApplication->run()
REQUEST_URI=/yii/myapp/index.php?r=admin/login/index
in D:\WWW\yii\myapp\protected\modules\admin\controllers\LoginController.php (14)
in D:\WWW\yii\myapp\index.php (13)
2014/11/06 09:57:42 [error] [php] Undefined index: LoginForm (D:\WWW\yii\myapp\protected\modules\admin\controllers\LoginController.php:14)
Stack trace:
#0 D:\WWW\yii\framework\web\CController.php(278): LoginController->runAction()
#1 D:\WWW\yii\framework\web\CController.php(257): LoginController->runActionWithFilters()
#2 D:\WWW\yii\framework\web\CWebApplication.php(328): LoginController->run()
#3 D:\WWW\yii\framework\web\CWebApplication.php(121): CWebApplication->runController()
#4 D:\WWW\yii\framework\base\CApplication.php(155): CWebApplication->processRequest()
#5 D:\WWW\yii\myapp\index.php(13): CWebApplication->run()
REQUEST_URI=/yii/myapp/index.php?r=admin/login/index
in D:\WWW\yii\myapp\protected\modules\admin\controllers\LoginController.php (14)
in D:\WWW\yii\myapp\index.php (13)
2014/11/06 10:29:04 [error] [php] Use of undefined constant captcha - assumed 'captcha' (D:\WWW\yii\myapp\protected\modules\admin\views\login\index.php:41)
Stack trace:
#0 D:\WWW\yii\framework\web\CController.php(866): LoginController->renderFile()
#1 D:\WWW\yii\framework\web\CController.php(779): LoginController->renderPartial()
#2 D:\WWW\yii\myapp\protected\modules\admin\controllers\LoginController.php(15): LoginController->render()
#3 D:\WWW\yii\framework\web\actions\CInlineAction.php(50): LoginController->actionIndex()
#4 D:\WWW\yii\framework\web\CController.php(300): CInlineAction->runWithParams()
#5 D:\WWW\yii\framework\web\CController.php(278): LoginController->runAction()
#6 D:\WWW\yii\framework\web\CController.php(257): LoginController->runActionWithFilters()
#7 D:\WWW\yii\framework\web\CWebApplication.php(328): LoginController->run()
#8 D:\WWW\yii\framework\web\CWebApplication.php(121): CWebApplication->runController()
#9 D:\WWW\yii\framework\base\CApplication.php(155): CWebApplication->processRequest()
#10 D:\WWW\yii\myapp\index.php(13): CWebApplication->run()
REQUEST_URI=/yii/myapp/index.php?r=admin/login/index
in D:\WWW\yii\myapp\protected\modules\admin\views\login\index.php (41)
in D:\WWW\yii\myapp\protected\modules\admin\controllers\LoginController.php (15)
in D:\WWW\yii\myapp\index.php (13)
2014/11/06 10:30:01 [error] [php] Use of undefined constant captcha - assumed 'captcha' (D:\WWW\yii\myapp\protected\modules\admin\views\login\index.php:41)
Stack trace:
#0 D:\WWW\yii\framework\web\CController.php(866): LoginController->renderFile()
#1 D:\WWW\yii\framework\web\CController.php(779): LoginController->renderPartial()
#2 D:\WWW\yii\myapp\protected\modules\admin\controllers\LoginController.php(15): LoginController->render()
#3 D:\WWW\yii\framework\web\actions\CInlineAction.php(50): LoginController->actionIndex()
#4 D:\WWW\yii\framework\web\CController.php(300): CInlineAction->runWithParams()
#5 D:\WWW\yii\framework\web\CController.php(278): LoginController->runAction()
#6 D:\WWW\yii\framework\web\CController.php(257): LoginController->runActionWithFilters()
#7 D:\WWW\yii\framework\web\CWebApplication.php(328): LoginController->run()
#8 D:\WWW\yii\framework\web\CWebApplication.php(121): CWebApplication->runController()
#9 D:\WWW\yii\framework\base\CApplication.php(155): CWebApplication->processRequest()
#10 D:\WWW\yii\myapp\index.php(13): CWebApplication->run()
REQUEST_URI=/yii/myapp/index.php?r=admin/login/index
in D:\WWW\yii\myapp\protected\modules\admin\views\login\index.php (41)
in D:\WWW\yii\myapp\protected\modules\admin\controllers\LoginController.php (15)
in D:\WWW\yii\myapp\index.php (13)
2014/11/06 10:30:03 [error] [php] Use of undefined constant captcha - assumed 'captcha' (D:\WWW\yii\myapp\protected\modules\admin\views\login\index.php:41)
Stack trace:
#0 D:\WWW\yii\framework\web\CController.php(866): LoginController->renderFile()
#1 D:\WWW\yii\framework\web\CController.php(779): LoginController->renderPartial()
#2 D:\WWW\yii\myapp\protected\modules\admin\controllers\LoginController.php(15): LoginController->render()
#3 D:\WWW\yii\framework\web\actions\CInlineAction.php(50): LoginController->actionIndex()
#4 D:\WWW\yii\framework\web\CController.php(300): CInlineAction->runWithParams()
#5 D:\WWW\yii\framework\web\CController.php(278): LoginController->runAction()
#6 D:\WWW\yii\framework\web\CController.php(257): LoginController->runActionWithFilters()
#7 D:\WWW\yii\framework\web\CWebApplication.php(328): LoginController->run()
#8 D:\WWW\yii\framework\web\CWebApplication.php(121): CWebApplication->runController()
#9 D:\WWW\yii\framework\base\CApplication.php(155): CWebApplication->processRequest()
#10 D:\WWW\yii\myapp\index.php(13): CWebApplication->run()
REQUEST_URI=/yii/myapp/index.php?r=admin/login/index
in D:\WWW\yii\myapp\protected\modules\admin\views\login\index.php (41)
in D:\WWW\yii\myapp\protected\modules\admin\controllers\LoginController.php (15)
in D:\WWW\yii\myapp\index.php (13)
2014/11/06 10:31:20 [error] [php] Use of undefined constant captcha - assumed 'captcha' (D:\WWW\yii\myapp\protected\modules\admin\views\login\index.php:41)
Stack trace:
#0 D:\WWW\yii\framework\web\CController.php(866): LoginController->renderFile()
#1 D:\WWW\yii\myapp\protected\modules\admin\controllers\LoginController.php(15): LoginController->renderPartial()
#2 D:\WWW\yii\framework\web\actions\CInlineAction.php(50): LoginController->actionIndex()
#3 D:\WWW\yii\framework\web\CController.php(300): CInlineAction->runWithParams()
#4 D:\WWW\yii\framework\web\CController.php(278): LoginController->runAction()
#5 D:\WWW\yii\framework\web\CController.php(257): LoginController->runActionWithFilters()
#6 D:\WWW\yii\framework\web\CWebApplication.php(328): LoginController->run()
#7 D:\WWW\yii\framework\web\CWebApplication.php(121): CWebApplication->runController()
#8 D:\WWW\yii\framework\base\CApplication.php(155): CWebApplication->processRequest()
#9 D:\WWW\yii\myapp\index.php(13): CWebApplication->run()
REQUEST_URI=/yii/myapp/index.php?r=admin/login/index
in D:\WWW\yii\myapp\protected\modules\admin\views\login\index.php (41)
in D:\WWW\yii\myapp\protected\modules\admin\controllers\LoginController.php (15)
in D:\WWW\yii\myapp\index.php (13)
2014/11/06 10:32:45 [error] [php] Use of undefined constant captcha - assumed 'captcha' (D:\WWW\yii\myapp\protected\modules\admin\views\login\index.php:41)
Stack trace:
#0 D:\WWW\yii\framework\web\CController.php(866): LoginController->renderFile()
#1 D:\WWW\yii\myapp\protected\modules\admin\controllers\LoginController.php(15): LoginController->renderPartial()
#2 D:\WWW\yii\framework\web\actions\CInlineAction.php(50): LoginController->actionIndex()
#3 D:\WWW\yii\framework\web\CController.php(300): CInlineAction->runWithParams()
#4 D:\WWW\yii\framework\web\CController.php(278): LoginController->runAction()
#5 D:\WWW\yii\framework\web\CController.php(257): LoginController->runActionWithFilters()
#6 D:\WWW\yii\framework\web\CWebApplication.php(328): LoginController->run()
#7 D:\WWW\yii\framework\web\CWebApplication.php(121): CWebApplication->runController()
#8 D:\WWW\yii\framework\base\CApplication.php(155): CWebApplication->processRequest()
#9 D:\WWW\yii\myapp\index.php(13): CWebApplication->run()
REQUEST_URI=/yii/myapp/index.php?r=admin/login/index
in D:\WWW\yii\myapp\protected\modules\admin\views\login\index.php (41)
in D:\WWW\yii\myapp\protected\modules\admin\controllers\LoginController.php (15)
in D:\WWW\yii\myapp\index.php (13)
2014/11/06 10:34:19 [error] [php] Undefined index: LoginForm (D:\WWW\yii\myapp\protected\modules\admin\controllers\LoginController.php:14)
Stack trace:
#0 D:\WWW\yii\framework\web\CController.php(278): LoginController->runAction()
#1 D:\WWW\yii\framework\web\CController.php(257): LoginController->runActionWithFilters()
#2 D:\WWW\yii\framework\web\CWebApplication.php(328): LoginController->run()
#3 D:\WWW\yii\framework\web\CWebApplication.php(121): CWebApplication->runController()
#4 D:\WWW\yii\framework\base\CApplication.php(155): CWebApplication->processRequest()
#5 D:\WWW\yii\myapp\index.php(13): CWebApplication->run()
REQUEST_URI=/yii/myapp/index.php?r=admin/login/index
in D:\WWW\yii\myapp\protected\modules\admin\controllers\LoginController.php (14)
in D:\WWW\yii\myapp\index.php (13)
2014/11/06 10:35:01 [error] [php] Undefined index: LoginForm (D:\WWW\yii\myapp\protected\modules\admin\controllers\LoginController.php:14)
Stack trace:
#0 D:\WWW\yii\framework\web\CController.php(278): LoginController->runAction()
#1 D:\WWW\yii\framework\web\CController.php(257): LoginController->runActionWithFilters()
#2 D:\WWW\yii\framework\web\CWebApplication.php(328): LoginController->run()
#3 D:\WWW\yii\framework\web\CWebApplication.php(121): CWebApplication->runController()
#4 D:\WWW\yii\framework\base\CApplication.php(155): CWebApplication->processRequest()
#5 D:\WWW\yii\myapp\index.php(13): CWebApplication->run()
REQUEST_URI=/yii/myapp/index.php?r=admin/login/index
in D:\WWW\yii\myapp\protected\modules\admin\controllers\LoginController.php (14)
in D:\WWW\yii\myapp\index.php (13)
2014/11/06 11:28:19 [error] [exception.CDbException] exception 'CDbException' with message 'CDbConnection failed to open the DB connection: SQLSTATE[42000] [1049] Unknown database 'testdrive'' in D:\WWW\yii\framework\db\CDbConnection.php:348
Stack trace:
#0 D:\WWW\yii\framework\db\CDbConnection.php(297): CDbConnection->open()
#1 D:\WWW\yii\framework\db\CDbConnection.php(275): CDbConnection->setActive(true)
#2 D:\WWW\yii\framework\base\CModule.php(372): CDbConnection->init()
#3 D:\WWW\yii\framework\base\CModule.php(86): CModule->getComponent('db')
#4 D:\WWW\yii\myapp\protected\modules\admin\controllers\LoginController.php(12): CModule->__get('db')
#5 D:\WWW\yii\framework\web\actions\CInlineAction.php(50): LoginController->actionIndex()
#6 D:\WWW\yii\framework\web\CController.php(300): CInlineAction->runWithParams(Array)
#7 D:\WWW\yii\framework\web\CController.php(278): CController->runAction(Object(CInlineAction))
#8 D:\WWW\yii\framework\web\CController.php(257): CController->runActionWithFilters(Object(CInlineAction), Array)
#9 D:\WWW\yii\framework\web\CWebApplication.php(328): CController->run('index')
#10 D:\WWW\yii\framework\web\CWebApplication.php(121): CWebApplication->runController('admin/login/ind...')
#11 D:\WWW\yii\framework\base\CApplication.php(155): CWebApplication->processRequest()
#12 D:\WWW\yii\myapp\index.php(13): CApplication->run()
#13 {main} REQUEST_URI=/yii/myapp/index.php?r=admin/login/index
2014/11/06 13:32:41 [error] [exception.CException] exception 'CException' with message 'CWebApplication does not have a method named "user".' in D:\WWW\yii\framework\base\CComponent.php:266
Stack trace:
#0 D:\WWW\yii\myapp\protected\modules\admin\controllers\LoginController.php(13): CComponent->__call('user', Array)
#1 D:\WWW\yii\myapp\protected\modules\admin\controllers\LoginController.php(13): CWebApplication->user()
#2 D:\WWW\yii\framework\web\actions\CInlineAction.php(50): LoginController->actionIndex()
#3 D:\WWW\yii\framework\web\CController.php(300): CInlineAction->runWithParams(Array)
#4 D:\WWW\yii\framework\web\CController.php(278): CController->runAction(Object(CInlineAction))
#5 D:\WWW\yii\framework\web\CController.php(257): CController->runActionWithFilters(Object(CInlineAction), Array)
#6 D:\WWW\yii\framework\web\CWebApplication.php(328): CController->run('index')
#7 D:\WWW\yii\framework\web\CWebApplication.php(121): CWebApplication->runController('admin/login/ind...')
#8 D:\WWW\yii\framework\base\CApplication.php(155): CWebApplication->processRequest()
#9 D:\WWW\yii\myapp\index.php(13): CApplication->run()
#10 {main} REQUEST_URI=/yii/myapp/index.php?r=admin/login/index
2014/11/06 13:43:51 [error] [exception.CHttpException.404] exception 'CHttpException' with message 'Unable to resolve the request "admin/defalut/index".' in D:\WWW\yii\framework\web\CWebApplication.php:332
Stack trace:
#0 D:\WWW\yii\framework\web\CWebApplication.php(121): CWebApplication->runController('admin/defalut/i...')
#1 D:\WWW\yii\framework\base\CApplication.php(155): CWebApplication->processRequest()
#2 D:\WWW\yii\myapp\index.php(13): CApplication->run()
#3 {main} REQUEST_URI=/yii/myapp/index.php?r=admin/defalut/index
2014/11/06 13:49:05 [error] [exception.CException] exception 'CException' with message 'Property "CWebApplication.uer" is not defined.' in D:\WWW\yii\framework\base\CComponent.php:131
Stack trace:
#0 D:\WWW\yii\framework\base\CModule.php(88): CComponent->__get('uer')
#1 D:\WWW\yii\myapp\protected\modules\admin\controllers\LoginController.php(32): CModule->__get('uer')
#2 D:\WWW\yii\framework\web\actions\CInlineAction.php(50): LoginController->actionOut()
#3 D:\WWW\yii\framework\web\CController.php(300): CInlineAction->runWithParams(Array)
#4 D:\WWW\yii\framework\web\CController.php(278): CController->runAction(Object(CInlineAction))
#5 D:\WWW\yii\framework\web\CController.php(257): CController->runActionWithFilters(Object(CInlineAction), Array)
#6 D:\WWW\yii\framework\web\CWebApplication.php(328): CController->run('out')
#7 D:\WWW\yii\framework\web\CWebApplication.php(121): CWebApplication->runController('admin/login/out')
#8 D:\WWW\yii\framework\base\CApplication.php(155): CWebApplication->processRequest()
#9 D:\WWW\yii\myapp\index.php(13): CApplication->run()
#10 {main} REQUEST_URI=/yii/myapp/index.php?r=admin/login/out
2014/11/06 13:50:23 [error] [exception.CException] exception 'CException' with message 'Property "CWebApplication.uer" is not defined.' in D:\WWW\yii\framework\base\CComponent.php:131
Stack trace:
#0 D:\WWW\yii\framework\base\CModule.php(88): CComponent->__get('uer')
#1 D:\WWW\yii\myapp\protected\modules\admin\controllers\LoginController.php(32): CModule->__get('uer')
#2 D:\WWW\yii\framework\web\actions\CInlineAction.php(50): LoginController->actionOut()
#3 D:\WWW\yii\framework\web\CController.php(300): CInlineAction->runWithParams(Array)
#4 D:\WWW\yii\framework\web\CController.php(278): CController->runAction(Object(CInlineAction))
#5 D:\WWW\yii\framework\web\CController.php(257): CController->runActionWithFilters(Object(CInlineAction), Array)
#6 D:\WWW\yii\framework\web\CWebApplication.php(328): CController->run('out')
#7 D:\WWW\yii\framework\web\CWebApplication.php(121): CWebApplication->runController('admin/login/out')
#8 D:\WWW\yii\framework\base\CApplication.php(155): CWebApplication->processRequest()
#9 D:\WWW\yii\myapp\index.php(13): CApplication->run()
#10 {main} REQUEST_URI=/yii/myapp/index.php?r=admin/login/out
2014/11/06 14:11:16 [error] [php] Undefined index: SERVER_ADD (D:\WWW\yii\myapp\protected\modules\admin\views\default\copy.php:39)
Stack trace:
#0 D:\WWW\yii\framework\web\CController.php(866): DefaultController->renderFile()
#1 D:\WWW\yii\myapp\protected\modules\admin\controllers\DefaultController.php(11): DefaultController->renderPartial()
#2 D:\WWW\yii\framework\web\actions\CInlineAction.php(50): DefaultController->actionCopy()
#3 D:\WWW\yii\framework\web\CController.php(300): CInlineAction->runWithParams()
#4 D:\WWW\yii\framework\web\CController.php(278): DefaultController->runAction()
#5 D:\WWW\yii\framework\web\CController.php(257): DefaultController->runActionWithFilters()
#6 D:\WWW\yii\framework\web\CWebApplication.php(328): DefaultController->run()
#7 D:\WWW\yii\framework\web\CWebApplication.php(121): CWebApplication->runController()
#8 D:\WWW\yii\framework\base\CApplication.php(155): CWebApplication->processRequest()
#9 D:\WWW\yii\myapp\index.php(13): CWebApplication->run()
REQUEST_URI=/yii/myapp/index.php?r=admin/default/copy
in D:\WWW\yii\myapp\protected\modules\admin\views\default\copy.php (39)
in D:\WWW\yii\myapp\protected\modules\admin\controllers\DefaultController.php (11)
in D:\WWW\yii\myapp\index.php (13)
2014/11/06 14:13:08 [error] [php] Undefined index: SERVER_ADD (D:\WWW\yii\myapp\protected\modules\admin\views\default\copy.php:39)
Stack trace:
#0 D:\WWW\yii\framework\web\CController.php(866): DefaultController->renderFile()
#1 D:\WWW\yii\myapp\protected\modules\admin\controllers\DefaultController.php(11): DefaultController->renderPartial()
#2 D:\WWW\yii\framework\web\actions\CInlineAction.php(50): DefaultController->actionCopy()
#3 D:\WWW\yii\framework\web\CController.php(300): CInlineAction->runWithParams()
#4 D:\WWW\yii\framework\web\CController.php(278): DefaultController->runAction()
#5 D:\WWW\yii\framework\web\CController.php(257): DefaultController->runActionWithFilters()
#6 D:\WWW\yii\framework\web\CWebApplication.php(328): DefaultController->run()
#7 D:\WWW\yii\framework\web\CWebApplication.php(121): CWebApplication->runController()
#8 D:\WWW\yii\framework\base\CApplication.php(155): CWebApplication->processRequest()
#9 D:\WWW\yii\myapp\index.php(13): CWebApplication->run()
REQUEST_URI=/yii/myapp/index.php?r=admin/default/copy
in D:\WWW\yii\myapp\protected\modules\admin\views\default\copy.php (39)
in D:\WWW\yii\myapp\protected\modules\admin\controllers\DefaultController.php (11)
in D:\WWW\yii\myapp\index.php (13)
2014/11/06 15:24:52 [error] [exception.CException] exception 'CException' with message 'UserController does not have a method named "beginWidgets".' in D:\WWW\yii\framework\base\CComponent.php:266
Stack trace:
#0 D:\WWW\yii\myapp\protected\modules\admin\views\user\index.php(9): CComponent->__call('beginWidgets', Array)
#1 D:\WWW\yii\myapp\protected\modules\admin\views\user\index.php(9): UserController->beginWidgets('CActiveForm')
#2 D:\WWW\yii\framework\web\CBaseController.php(119): require('D:\WWW\yii\myap...')
#3 D:\WWW\yii\framework\web\CBaseController.php(88): CBaseController->renderInternal('D:\WWW\yii\myap...', Array, true)
#4 D:\WWW\yii\framework\web\CController.php(866): CBaseController->renderFile('D:\WWW\yii\myap...', Array, true)
#5 D:\WWW\yii\myapp\protected\modules\admin\controllers\UserController.php(5): CController->renderPartial('index', Array)
#6 D:\WWW\yii\framework\web\actions\CInlineAction.php(50): UserController->actionPasswd()
#7 D:\WWW\yii\framework\web\CController.php(300): CInlineAction->runWithParams(Array)
#8 D:\WWW\yii\framework\web\CController.php(278): CController->runAction(Object(CInlineAction))
#9 D:\WWW\yii\framework\web\CController.php(257): CController->runActionWithFilters(Object(CInlineAction), Array)
#10 D:\WWW\yii\framework\web\CWebApplication.php(328): CController->run('passwd')
#11 D:\WWW\yii\framework\web\CWebApplication.php(121): CWebApplication->runController('admin/user/pass...')
#12 D:\WWW\yii\framework\base\CApplication.php(155): CWebApplication->processRequest()
#13 D:\WWW\yii\myapp\index.php(13): CApplication->run()
#14 {main} REQUEST_URI=/yii/myapp/index.php?r=admin/user/passwd
2014/11/06 15:24:56 [error] [exception.CException] exception 'CException' with message 'UserController does not have a method named "beginWidgets".' in D:\WWW\yii\framework\base\CComponent.php:266
Stack trace:
#0 D:\WWW\yii\myapp\protected\modules\admin\views\user\index.php(9): CComponent->__call('beginWidgets', Array)
#1 D:\WWW\yii\myapp\protected\modules\admin\views\user\index.php(9): UserController->beginWidgets('CActiveForm')
#2 D:\WWW\yii\framework\web\CBaseController.php(119): require('D:\WWW\yii\myap...')
#3 D:\WWW\yii\framework\web\CBaseController.php(88): CBaseController->renderInternal('D:\WWW\yii\myap...', Array, true)
#4 D:\WWW\yii\framework\web\CController.php(866): CBaseController->renderFile('D:\WWW\yii\myap...', Array, true)
#5 D:\WWW\yii\myapp\protected\modules\admin\controllers\UserController.php(5): CController->renderPartial('index', Array)
#6 D:\WWW\yii\framework\web\actions\CInlineAction.php(50): UserController->actionPasswd()
#7 D:\WWW\yii\framework\web\CController.php(300): CInlineAction->runWithParams(Array)
#8 D:\WWW\yii\framework\web\CController.php(278): CController->runAction(Object(CInlineAction))
#9 D:\WWW\yii\framework\web\CController.php(257): CController->runActionWithFilters(Object(CInlineAction), Array)
#10 D:\WWW\yii\framework\web\CWebApplication.php(328): CController->run('passwd')
#11 D:\WWW\yii\framework\web\CWebApplication.php(121): CWebApplication->runController('admin/user/pass...')
#12 D:\WWW\yii\framework\base\CApplication.php(155): CWebApplication->processRequest()
#13 D:\WWW\yii\myapp\index.php(13): CApplication->run()
#14 {main} REQUEST_URI=/yii/myapp/index.php?r=admin/user/passwd
2014/11/06 15:39:59 [error] [exception.CException] exception 'CException' with message 'Property "User.password1" is not defined.' in D:\WWW\yii\framework\base\CComponent.php:131
Stack trace:
#0 D:\WWW\yii\framework\db\ar\CActiveRecord.php(128): CComponent->__get('password1')
#1 D:\WWW\yii\framework\web\helpers\CHtml.php(2050): CActiveRecord->__get('password1')
#2 D:\WWW\yii\framework\web\helpers\CHtml.php(1777): CHtml::resolveValue(Object(User), 'password1')
#3 D:\WWW\yii\framework\web\helpers\CHtml.php(1219): CHtml::activeInputField('password', Object(User), 'password1', Array)
#4 D:\WWW\yii\framework\web\widgets\CActiveForm.php(597): CHtml::activePasswordField(Object(User), 'password1', Array)
#5 D:\WWW\yii\myapp\protected\modules\admin\views\user\index.php(24): CActiveForm->passwordField(Object(User), 'password1')
#6 D:\WWW\yii\framework\web\CBaseController.php(119): require('D:\WWW\yii\myap...')
#7 D:\WWW\yii\framework\web\CBaseController.php(88): CBaseController->renderInternal('D:\WWW\yii\myap...', Array, true)
#8 D:\WWW\yii\framework\web\CController.php(866): CBaseController->renderFile('D:\WWW\yii\myap...', Array, true)
#9 D:\WWW\yii\myapp\protected\modules\admin\controllers\UserController.php(5): CController->renderPartial('index', Array)
#10 D:\WWW\yii\framework\web\actions\CInlineAction.php(50): UserController->actionPasswd()
#11 D:\WWW\yii\framework\web\CController.php(300): CInlineAction->runWithParams(Array)
#12 D:\WWW\yii\framework\web\CController.php(278): CController->runAction(Object(CInlineAction))
#13 D:\WWW\yii\framework\web\CController.php(257): CController->runActionWithFilters(Object(CInlineAction), Array)
#14 D:\WWW\yii\framework\web\CWebApplication.php(328): CController->run('passwd')
#15 D:\WWW\yii\framework\web\CWebApplication.php(121): CWebApplication->runController('admin/user/pass...')
#16 D:\WWW\yii\framework\base\CApplication.php(155): CWebApplication->processRequest()
#17 D:\WWW\yii\myapp\index.php(13): CApplication->run()
#18 {main} REQUEST_URI=/yii/myapp/index.php?r=admin/user/passwd
2014/11/06 16:05:17 [error] [exception.CException] exception 'CException' with message 'CActiveForm does not have a method named "lableEx".' in D:\WWW\yii\framework\base\CComponent.php:266
Stack trace:
#0 D:\WWW\yii\myapp\protected\modules\admin\views\user\index.php(19): CComponent->__call('lableEx', Array)
#1 D:\WWW\yii\myapp\protected\modules\admin\views\user\index.php(19): CActiveForm->lableEx(Object(User), 'password')
#2 D:\WWW\yii\framework\web\CBaseController.php(119): require('D:\WWW\yii\myap...')
#3 D:\WWW\yii\framework\web\CBaseController.php(88): CBaseController->renderInternal('D:\WWW\yii\myap...', Array, true)
#4 D:\WWW\yii\framework\web\CController.php(866): CBaseController->renderFile('D:\WWW\yii\myap...', Array, true)
#5 D:\WWW\yii\myapp\protected\modules\admin\controllers\UserController.php(5): CController->renderPartial('index', Array)
#6 D:\WWW\yii\framework\web\actions\CInlineAction.php(50): UserController->actionPasswd()
#7 D:\WWW\yii\framework\web\CController.php(300): CInlineAction->runWithParams(Array)
#8 D:\WWW\yii\framework\web\CController.php(278): CController->runAction(Object(CInlineAction))
#9 D:\WWW\yii\framework\web\CController.php(257): CController->runActionWithFilters(Object(CInlineAction), Array)
#10 D:\WWW\yii\framework\web\CWebApplication.php(328): CController->run('passwd')
#11 D:\WWW\yii\framework\web\CWebApplication.php(121): CWebApplication->runController('admin/user/pass...')
#12 D:\WWW\yii\framework\base\CApplication.php(155): CWebApplication->processRequest()
#13 D:\WWW\yii\myapp\index.php(13): CApplication->run()
#14 {main} REQUEST_URI=/yii/myapp/index.php?r=admin/user/passwd
2014/11/06 16:12:11 [warning] [application] Failed to set unsafe attribute "password1".
in D:\WWW\yii\myapp\protected\modules\admin\controllers\UserController.php (6)
in D:\WWW\yii\myapp\index.php (13)
2014/11/06 16:12:11 [warning] [application] Failed to set unsafe attribute "password2".
in D:\WWW\yii\myapp\protected\modules\admin\controllers\UserController.php (6)
in D:\WWW\yii\myapp\index.php (13)
2014/11/06 16:12:11 [error] [exception.CException] exception 'CException' with message 'UserController does not have a method named "validate".' in D:\WWW\yii\framework\base\CComponent.php:266
Stack trace:
#0 D:\WWW\yii\myapp\protected\modules\admin\controllers\UserController.php(7): CComponent->__call('validate', Array)
#1 D:\WWW\yii\myapp\protected\modules\admin\controllers\UserController.php(7): UserController->validate()
#2 D:\WWW\yii\framework\web\actions\CInlineAction.php(50): UserController->actionPasswd()
#3 D:\WWW\yii\framework\web\CController.php(300): CInlineAction->runWithParams(Array)
#4 D:\WWW\yii\framework\web\CController.php(278): CController->runAction(Object(CInlineAction))
#5 D:\WWW\yii\framework\web\CController.php(257): CController->runActionWithFilters(Object(CInlineAction), Array)
#6 D:\WWW\yii\framework\web\CWebApplication.php(328): CController->run('passwd')
#7 D:\WWW\yii\framework\web\CWebApplication.php(121): CWebApplication->runController('admin/user/pass...')
#8 D:\WWW\yii\framework\base\CApplication.php(155): CWebApplication->processRequest()
#9 D:\WWW\yii\myapp\index.php(13): CApplication->run()
#10 {main} REQUEST_URI=/yii/myapp/index.php?r=admin/user/passwd
2014/11/06 16:13:12 [warning] [application] Failed to set unsafe attribute "password1".
in D:\WWW\yii\myapp\protected\modules\admin\controllers\UserController.php (6)
in D:\WWW\yii\myapp\index.php (13)
2014/11/06 16:13:12 [warning] [application] Failed to set unsafe attribute "password2".
in D:\WWW\yii\myapp\protected\modules\admin\controllers\UserController.php (6)
in D:\WWW\yii\myapp\index.php (13)
2014/11/06 16:14:14 [warning] [application] Failed to set unsafe attribute "password1".
in D:\WWW\yii\myapp\protected\modules\admin\controllers\UserController.php (6)
in D:\WWW\yii\myapp\index.php (13)
2014/11/06 16:14:14 [warning] [application] Failed to set unsafe attribute "password2".
in D:\WWW\yii\myapp\protected\modules\admin\controllers\UserController.php (6)
in D:\WWW\yii\myapp\index.php (13)
2014/11/06 16:16:14 [warning] [application] Failed to set unsafe attribute "password1".
in D:\WWW\yii\myapp\protected\modules\admin\controllers\UserController.php (6)
in D:\WWW\yii\myapp\index.php (13)
2014/11/06 16:16:14 [warning] [application] Failed to set unsafe attribute "password2".
in D:\WWW\yii\myapp\protected\modules\admin\controllers\UserController.php (6)
in D:\WWW\yii\myapp\index.php (13)
2014/11/06 16:16:54 [warning] [application] Failed to set unsafe attribute "password1".
in D:\WWW\yii\myapp\protected\modules\admin\controllers\UserController.php (6)
in D:\WWW\yii\myapp\index.php (13)
2014/11/06 16:16:54 [warning] [application] Failed to set unsafe attribute "password2".
in D:\WWW\yii\myapp\protected\modules\admin\controllers\UserController.php (6)
in D:\WWW\yii\myapp\index.php (13)
2014/11/06 16:20:02 [warning] [application] Failed to set unsafe attribute "password1".
in D:\WWW\yii\myapp\protected\modules\admin\controllers\UserController.php (6)
in D:\WWW\yii\myapp\index.php (13)
2014/11/06 16:20:02 [warning] [application] Failed to set unsafe attribute "password2".
in D:\WWW\yii\myapp\protected\modules\admin\controllers\UserController.php (6)
in D:\WWW\yii\myapp\index.php (13)
2014/11/06 16:20:24 [warning] [application] Failed to set unsafe attribute "password1".
in D:\WWW\yii\myapp\protected\modules\admin\controllers\UserController.php (6)
in D:\WWW\yii\myapp\index.php (13)
2014/11/06 16:20:24 [warning] [application] Failed to set unsafe attribute "password2".
in D:\WWW\yii\myapp\protected\modules\admin\controllers\UserController.php (6)
in D:\WWW\yii\myapp\index.php (13)
2014/11/06 16:21:00 [warning] [application] Failed to set unsafe attribute "password1".
in D:\WWW\yii\myapp\protected\modules\admin\controllers\UserController.php (6)
in D:\WWW\yii\myapp\index.php (13)
2014/11/06 16:21:00 [warning] [application] Failed to set unsafe attribute "password2".
in D:\WWW\yii\myapp\protected\modules\admin\controllers\UserController.php (6)
in D:\WWW\yii\myapp\index.php (13)
2014/11/06 16:22:15 [warning] [application] Failed to set unsafe attribute "password1".
in D:\WWW\yii\myapp\protected\modules\admin\controllers\UserController.php (6)
in D:\WWW\yii\myapp\index.php (13)
2014/11/06 16:22:15 [warning] [application] Failed to set unsafe attribute "password2".
in D:\WWW\yii\myapp\protected\modules\admin\controllers\UserController.php (6)
in D:\WWW\yii\myapp\index.php (13)
2014/11/06 16:22:59 [warning] [application] Failed to set unsafe attribute "password1".
in D:\WWW\yii\myapp\protected\modules\admin\controllers\UserController.php (6)
in D:\WWW\yii\myapp\index.php (13)
2014/11/06 16:22:59 [warning] [application] Failed to set unsafe attribute "password2".
in D:\WWW\yii\myapp\protected\modules\admin\controllers\UserController.php (6)
in D:\WWW\yii\myapp\index.php (13)
2014/11/06 16:34:35 [error] [exception.CException] exception 'CException' with message 'Property "CCompareValidator.compareAttibute" is not defined.' in D:\WWW\yii\framework\base\CComponent.php:173
Stack trace:
#0 D:\WWW\yii\framework\validators\CValidator.php(169): CComponent->__set('compareAttibute', 'password1')
#1 D:\WWW\yii\framework\base\CModel.php(283): CValidator::createValidator('compare', Object(User), 'password2', Array)
#2 D:\WWW\yii\framework\base\CModel.php(257): CModel->createValidators()
#3 D:\WWW\yii\framework\base\CModel.php(301): CModel->getValidators('password')
#4 D:\WWW\yii\framework\web\helpers\CHtml.php(1166): CModel->isAttributeRequired('password')
#5 D:\WWW\yii\framework\web\widgets\CActiveForm.php(552): CHtml::activeLabelEx(Object(User), 'password', Array)
#6 D:\WWW\yii\myapp\protected\modules\admin\views\user\index.php(19): CActiveForm->labelEx(Object(User), 'password')
#7 D:\WWW\yii\framework\web\CBaseController.php(119): require('D:\WWW\yii\myap...')
#8 D:\WWW\yii\framework\web\CBaseController.php(88): CBaseController->renderInternal('D:\WWW\yii\myap...', Array, true)
#9 D:\WWW\yii\framework\web\CController.php(866): CBaseController->renderFile('D:\WWW\yii\myap...', Array, true)
#10 D:\WWW\yii\myapp\protected\modules\admin\controllers\UserController.php(10): CController->renderPartial('index', Array)
#11 D:\WWW\yii\framework\web\actions\CInlineAction.php(50): UserController->actionPasswd()
#12 D:\WWW\yii\framework\web\CController.php(300): CInlineAction->runWithParams(Array)
#13 D:\WWW\yii\framework\web\CController.php(278): CController->runAction(Object(CInlineAction))
#14 D:\WWW\yii\framework\web\CController.php(257): CController->runActionWithFilters(Object(CInlineAction), Array)
#15 D:\WWW\yii\framework\web\CWebApplication.php(328): CController->run('passwd')
#16 D:\WWW\yii\framework\web\CWebApplication.php(121): CWebApplication->runController('admin/user/pass...')
#17 D:\WWW\yii\framework\base\CApplication.php(155): CWebApplication->processRequest()
#18 D:\WWW\yii\myapp\index.php(13): CApplication->run()
#19 {main} REQUEST_URI=/yii/myapp/index.php?r=admin/user/passwd
2014/11/27 13:16:01 [error] [system.db.CDbCommand] CDbCommand::fetchAll() failed: SQLSTATE[42S02]: Base table or view not found: 1146 Table 'blog.hd_admin' doesn't exist. The SQL statement executed was: SHOW COLUMNS FROM `hd_admin`.
in D:\WWW\yii\myapp\protected\models\User.php (9)
in D:\WWW\yii\myapp\protected\components\UserIdentity.php (20)
in D:\WWW\yii\myapp\protected\models\LoginForm.php (56)
2014/11/27 13:16:01 [error] [exception.CDbException] exception 'CDbException' with message 'The table "{{admin}}" for active record class "User" cannot be found in the database.' in D:\WWW\yii\framework\db\ar\CActiveRecord.php:2237
Stack trace:
#0 D:\WWW\yii\framework\db\ar\CActiveRecord.php(371): CActiveRecordMetaData->__construct(Object(User))
#1 D:\WWW\yii\myapp\protected\models\User.php(9): CActiveRecord::model('User')
#2 D:\WWW\yii\myapp\protected\components\UserIdentity.php(20): User::model()
#3 D:\WWW\yii\myapp\protected\models\LoginForm.php(56): UserIdentity->authenticate()
#4 D:\WWW\yii\framework\validators\CInlineValidator.php(39): LoginForm->authenticate('password', Array)
#5 D:\WWW\yii\framework\validators\CValidator.php(192): CInlineValidator->validateAttribute(Object(LoginForm), 'password')
#6 D:\WWW\yii\framework\base\CModel.php(152): CValidator->validate(Object(LoginForm), NULL)
#7 D:\WWW\yii\myapp\protected\modules\admin\controllers\LoginController.php(12): CModel->validate()
#8 D:\WWW\yii\framework\web\actions\CInlineAction.php(50): LoginController->actionIndex()
#9 D:\WWW\yii\framework\web\CController.php(300): CInlineAction->runWithParams(Array)
#10 D:\WWW\yii\framework\web\CController.php(278): CController->runAction(Object(CInlineAction))
#11 D:\WWW\yii\framework\web\CController.php(257): CController->runActionWithFilters(Object(CInlineAction), Array)
#12 D:\WWW\yii\framework\web\CWebApplication.php(328): CController->run('index')
#13 D:\WWW\yii\framework\web\CWebApplication.php(121): CWebApplication->runController('admin/login/ind...')
#14 D:\WWW\yii\framework\base\CApplication.php(155): CWebApplication->processRequest()
#15 D:\WWW\yii\myapp\index.php(13): CApplication->run()
#16 {main} REQUEST_URI=/yii/myapp/index.php?r=admin/login/index
2014/11/27 13:18:36 [error] [system.db.CDbCommand] CDbCommand::fetchAll() failed: SQLSTATE[42S02]: Base table or view not found: 1146 Table 'blog.hd_admin' doesn't exist. The SQL statement executed was: SHOW COLUMNS FROM `hd_admin`.
in D:\WWW\yii\myapp\protected\models\User.php (9)
in D:\WWW\yii\myapp\protected\components\UserIdentity.php (20)
in D:\WWW\yii\myapp\protected\models\LoginForm.php (56)
2014/11/27 13:18:36 [error] [exception.CDbException] exception 'CDbException' with message 'The table "{{admin}}" for active record class "User" cannot be found in the database.' in D:\WWW\yii\framework\db\ar\CActiveRecord.php:2237
Stack trace:
#0 D:\WWW\yii\framework\db\ar\CActiveRecord.php(371): CActiveRecordMetaData->__construct(Object(User))
#1 D:\WWW\yii\myapp\protected\models\User.php(9): CActiveRecord::model('User')
#2 D:\WWW\yii\myapp\protected\components\UserIdentity.php(20): User::model()
#3 D:\WWW\yii\myapp\protected\models\LoginForm.php(56): UserIdentity->authenticate()
#4 D:\WWW\yii\framework\validators\CInlineValidator.php(39): LoginForm->authenticate('password', Array)
#5 D:\WWW\yii\framework\validators\CValidator.php(192): CInlineValidator->validateAttribute(Object(LoginForm), 'password')
#6 D:\WWW\yii\framework\base\CModel.php(152): CValidator->validate(Object(LoginForm), NULL)
#7 D:\WWW\yii\myapp\protected\modules\admin\controllers\LoginController.php(12): CModel->validate()
#8 D:\WWW\yii\framework\web\actions\CInlineAction.php(50): LoginController->actionIndex()
#9 D:\WWW\yii\framework\web\CController.php(300): CInlineAction->runWithParams(Array)
#10 D:\WWW\yii\framework\web\CController.php(278): CController->runAction(Object(CInlineAction))
#11 D:\WWW\yii\framework\web\CController.php(257): CController->runActionWithFilters(Object(CInlineAction), Array)
#12 D:\WWW\yii\framework\web\CWebApplication.php(328): CController->run('index')
#13 D:\WWW\yii\framework\web\CWebApplication.php(121): CWebApplication->runController('admin/login/ind...')
#14 D:\WWW\yii\framework\base\CApplication.php(155): CWebApplication->processRequest()
#15 D:\WWW\yii\myapp\index.php(13): CApplication->run()
#16 {main} REQUEST_URI=/yii/myapp/index.php?r=admin/login/index
2014/11/27 13:21:35 [error] [system.db.CDbCommand] CDbCommand::fetchAll() failed: SQLSTATE[42S02]: Base table or view not found: 1146 Table 'blog.hd_admin' doesn't exist. The SQL statement executed was: SHOW COLUMNS FROM `hd_admin`.
in D:\WWW\yii\myapp\protected\models\User.php (9)
in D:\WWW\yii\myapp\protected\modules\admin\controllers\UserController.php (4)
in D:\WWW\yii\myapp\index.php (13)
2014/11/27 13:21:35 [error] [exception.CDbException] exception 'CDbException' with message 'The table "{{admin}}" for active record class "User" cannot be found in the database.' in D:\WWW\yii\framework\db\ar\CActiveRecord.php:2237
Stack trace:
#0 D:\WWW\yii\framework\db\ar\CActiveRecord.php(371): CActiveRecordMetaData->__construct(Object(User))
#1 D:\WWW\yii\myapp\protected\models\User.php(9): CActiveRecord::model('User')
#2 D:\WWW\yii\myapp\protected\modules\admin\controllers\UserController.php(4): User::model()
#3 D:\WWW\yii\framework\web\actions\CInlineAction.php(50): UserController->actionPasswd()
#4 D:\WWW\yii\framework\web\CController.php(300): CInlineAction->runWithParams(Array)
#5 D:\WWW\yii\framework\web\CController.php(278): CController->runAction(Object(CInlineAction))
#6 D:\WWW\yii\framework\web\CController.php(257): CController->runActionWithFilters(Object(CInlineAction), Array)
#7 D:\WWW\yii\framework\web\CWebApplication.php(328): CController->run('passwd')
#8 D:\WWW\yii\framework\web\CWebApplication.php(121): CWebApplication->runController('admin/user/pass...')
#9 D:\WWW\yii\framework\base\CApplication.php(155): CWebApplication->processRequest()
#10 D:\WWW\yii\myapp\index.php(13): CApplication->run()
#11 {main} REQUEST_URI=/yii/myapp/index.php?r=admin/user/passwd
2014/11/27 13:21:35 [error] [system.db.CDbCommand] CDbCommand::fetchAll() failed: SQLSTATE[42S02]: Base table or view not found: 1146 Table 'blog.hd_admin' doesn't exist. The SQL statement executed was: SHOW COLUMNS FROM `hd_admin`.
in D:\WWW\yii\myapp\protected\models\User.php (9)
in D:\WWW\yii\myapp\protected\modules\admin\controllers\UserController.php (4)
in D:\WWW\yii\myapp\index.php (13)
2014/11/27 13:21:35 [error] [exception.CDbException] exception 'CDbException' with message 'The table "{{admin}}" for active record class "User" cannot be found in the database.' in D:\WWW\yii\framework\db\ar\CActiveRecord.php:2237
Stack trace:
#0 D:\WWW\yii\framework\db\ar\CActiveRecord.php(371): CActiveRecordMetaData->__construct(Object(User))
#1 D:\WWW\yii\myapp\protected\models\User.php(9): CActiveRecord::model('User')
#2 D:\WWW\yii\myapp\protected\modules\admin\controllers\UserController.php(4): User::model()
#3 D:\WWW\yii\framework\web\actions\CInlineAction.php(50): UserController->actionPasswd()
#4 D:\WWW\yii\framework\web\CController.php(300): CInlineAction->runWithParams(Array)
#5 D:\WWW\yii\framework\web\CController.php(278): CController->runAction(Object(CInlineAction))
#6 D:\WWW\yii\framework\web\CController.php(257): CController->runActionWithFilters(Object(CInlineAction), Array)
#7 D:\WWW\yii\framework\web\CWebApplication.php(328): CController->run('passwd')
#8 D:\WWW\yii\framework\web\CWebApplication.php(121): CWebApplication->runController('admin/user/pass...')
#9 D:\WWW\yii\framework\base\CApplication.php(155): CWebApplication->processRequest()
#10 D:\WWW\yii\myapp\index.php(13): CApplication->run()
#11 {main} REQUEST_URI=/yii/myapp/index.php?r=admin/user/passwd
